<?xml version="1.0" encoding="UTF-8"?>
<testng-results ignored="0" total="1" passed="1" failed="0" skipped="0">
  <reporter-output>
  </reporter-output>
  <suite started-at="2023-02-10T18:11:07 IST" name="Suite" finished-at="2023-02-10T18:12:47 IST" duration-ms="100865">
    <groups>
    </groups>
    <test started-at="2023-02-10T18:11:07 IST" name="Test" finished-at="2023-02-10T18:12:47 IST" duration-ms="100865">
      <class name="demopage.AddToCart">
        <test-method signature="addtocart()[pri:0, instance:demopage.AddToCart@82de64a]" started-at="2023-02-10T18:11:07 IST" name="addtocart" finished-at="2023-02-10T18:12:47 IST" duration-ms="100827" status="PASS">
          <reporter-output>
          </reporter-output>
        </test-method> <!-- addtocart -->
      </class> <!-- demopage.AddToCart -->
    </test> <!-- Test -->
  </suite> <!-- Suite -->
</testng-results>
